GPU 0: NVIDIA H100 (UUID: GPU-b9ee0414-965a-5074-079a-4fcc8d617236)
torch 2.2.1 | cuda True

===== Training log started at 2026-02-09 00:08:27 =====
Log file: outputs/cramLLaMA_8h_H100_wcl_256/pretrain/2026-02-09/00-08-27/cramLLaMA_8h_H100_wcl_256_pretrain.log
loaded vocab_size: 32768
Total parameters:  201351936
dict_keys(['input_ids'])
<class 'list'> 128 [47, 47, 47, 47, 47, 47, 47, 47, 47, 47]
Measured 8.95s/optim_step (avg of steps 4-6) -> ~3216 optimizer steps for 8h budget
2026-02-09 00:13:14 | elapsed 0.08std | step 1000 | loss 8.5052 | avg 0.3005 | lr 0.000016 | 0.281s/step | ~116675 tok/s
2026-02-09 00:17:55 | elapsed 0.16std | step 2000 | loss 7.7640 | avg 0.2542 | lr 0.000035 | 0.281s/step | ~116680 tok/s
2026-02-09 00:22:36 | elapsed 0.23std | step 3000 | loss 6.6687 | avg 0.2239 | lr 0.000055 | 0.281s/step | ~116538 tok/s
2026-02-09 00:27:18 | elapsed 0.31std | step 4000 | loss 6.2498 | avg 0.2016 | lr 0.000075 | 0.282s/step | ~116152 tok/s
2026-02-09 00:31:59 | elapsed 0.39std | step 5000 | loss 5.8143 | avg 0.1884 | lr 0.000094 | 0.281s/step | ~116495 tok/s
2026-02-09 00:36:41 | elapsed 0.47std | step 6000 | loss 5.4250 | avg 0.1777 | lr 0.000113 | 0.281s/step | ~116456 tok/s
2026-02-09 00:41:23 | elapsed 0.55std | step 7000 | loss 5.4360 | avg 0.1693 | lr 0.000132 | 0.282s/step | ~116347 tok/s
2026-02-09 00:46:05 | elapsed 0.63std | step 8000 | loss 5.1597 | avg 0.1646 | lr 0.000152 | 0.283s/step | ~115964 tok/s
2026-02-09 00:50:46 | elapsed 0.70std | step 9000 | loss 5.1407 | avg 0.1595 | lr 0.000172 | 0.281s/step | ~116561 tok/s
2026-02-09 00:55:27 | elapsed 0.78std | step 10000 | loss 5.1014 | avg 0.1577 | lr 0.000191 | 0.281s/step | ~116556 tok/s
2026-02-09 01:00:09 | elapsed 0.86std | step 11000 | loss 4.7591 | avg 0.1530 | lr 0.000210 | 0.281s/step | ~116418 tok/s
2026-02-09 01:04:51 | elapsed 0.94std | step 12000 | loss 4.7655 | avg 0.1503 | lr 0.000230 | 0.282s/step | ~116070 tok/s
2026-02-09 01:09:32 | elapsed 1.02std | step 13000 | loss 4.7711 | avg 0.1504 | lr 0.000249 | 0.281s/step | ~116578 tok/s
2026-02-09 01:14:13 | elapsed 1.09std | step 14000 | loss 4.5307 | avg 0.1466 | lr 0.000269 | 0.281s/step | ~116576 tok/s
2026-02-09 01:18:54 | elapsed 1.17std | step 15000 | loss 4.6311 | avg 0.1438 | lr 0.000288 | 0.281s/step | ~116570 tok/s
2026-02-09 01:23:36 | elapsed 1.25std | step 16000 | loss 4.4254 | avg 0.1416 | lr 0.000308 | 0.282s/step | ~116192 tok/s
2026-02-09 01:28:18 | elapsed 1.33std | step 17000 | loss 4.4999 | avg 0.1436 | lr 0.000327 | 0.281s/step | ~116486 tok/s
2026-02-09 01:32:59 | elapsed 1.41std | step 18000 | loss 4.5501 | avg 0.1412 | lr 0.000346 | 0.281s/step | ~116426 tok/s
2026-02-09 01:37:42 | elapsed 1.49std | step 19000 | loss 4.3609 | avg 0.1386 | lr 0.000366 | 0.282s/step | ~116049 tok/s
2026-02-09 01:42:23 | elapsed 1.56std | step 20000 | loss 4.3698 | avg 0.1362 | lr 0.000386 | 0.282s/step | ~116364 tok/s
2026-02-09 01:47:05 | elapsed 1.64std | step 21000 | loss 4.1020 | avg 0.1340 | lr 0.000405 | 0.282s/step | ~116332 tok/s
2026-02-09 01:51:46 | elapsed 1.72std | step 22000 | loss 4.2024 | avg 0.1319 | lr 0.000424 | 0.282s/step | ~116350 tok/s
2026-02-09 01:56:29 | elapsed 1.80std | step 23000 | loss 4.3109 | avg 0.1339 | lr 0.000443 | 0.282s/step | ~116012 tok/s
2026-02-09 02:01:10 | elapsed 1.88std | step 24000 | loss 4.1581 | avg 0.1327 | lr 0.000463 | 0.281s/step | ~116447 tok/s
2026-02-09 02:05:52 | elapsed 1.96std | step 25000 | loss 4.2855 | avg 0.1313 | lr 0.000483 | 0.281s/step | ~116480 tok/s
2026-02-09 02:10:33 | elapsed 2.03std | step 26000 | loss 4.1884 | avg 0.1295 | lr 0.000502 | 0.281s/step | ~116502 tok/s
2026-02-09 02:15:15 | elapsed 2.11std | step 27000 | loss 4.2182 | avg 0.1287 | lr 0.000521 | 0.282s/step | ~116173 tok/s
2026-02-09 02:19:56 | elapsed 2.19std | step 28000 | loss 4.0561 | avg 0.1270 | lr 0.000541 | 0.281s/step | ~116521 tok/s
2026-02-09 02:24:37 | elapsed 2.27std | step 29000 | loss 4.0732 | avg 0.1259 | lr 0.000560 | 0.281s/step | ~116555 tok/s
2026-02-09 02:29:18 | elapsed 2.35std | step 30000 | loss 4.0605 | avg 0.1252 | lr 0.000580 | 0.281s/step | ~116550 tok/s
2026-02-09 02:34:01 | elapsed 2.42std | step 31000 | loss 4.0064 | avg 0.1242 | lr 0.000599 | 0.282s/step | ~116175 tok/s
2026-02-09 02:38:42 | elapsed 2.50std | step 32000 | loss 3.9359 | avg 0.1233 | lr 0.000619 | 0.281s/step | ~116463 tok/s
2026-02-09 02:43:23 | elapsed 2.58std | step 33000 | loss 4.1523 | avg 0.1247 | lr 0.000638 | 0.281s/step | ~116538 tok/s
2026-02-09 02:48:05 | elapsed 2.66std | step 34000 | loss 4.0234 | avg 0.1256 | lr 0.000657 | 0.282s/step | ~116273 tok/s
2026-02-09 02:52:46 | elapsed 2.74std | step 35000 | loss 4.0129 | avg 0.1251 | lr 0.000677 | 0.281s/step | ~116722 tok/s
2026-02-09 02:57:26 | elapsed 2.81std | step 36000 | loss 3.9474 | avg 0.1248 | lr 0.000697 | 0.281s/step | ~116675 tok/s
2026-02-09 03:02:07 | elapsed 2.89std | step 37000 | loss 3.9690 | avg 0.1238 | lr 0.000716 | 0.281s/step | ~116667 tok/s
2026-02-09 03:06:49 | elapsed 2.97std | step 38000 | loss 3.9315 | avg 0.1233 | lr 0.000735 | 0.282s/step | ~116212 tok/s
2026-02-09 03:11:30 | elapsed 3.05std | step 39000 | loss 4.0277 | avg 0.1226 | lr 0.000754 | 0.281s/step | ~116608 tok/s
2026-02-09 03:16:11 | elapsed 3.13std | step 40000 | loss 3.9907 | avg 0.1224 | lr 0.000774 | 0.281s/step | ~116612 tok/s
2026-02-09 03:20:52 | elapsed 3.21std | step 41000 | loss 3.8069 | avg 0.1219 | lr 0.000794 | 0.281s/step | ~116603 tok/s
2026-02-09 03:25:34 | elapsed 3.28std | step 42000 | loss 3.9129 | avg 0.1219 | lr 0.000813 | 0.282s/step | ~116231 tok/s
2026-02-09 03:30:15 | elapsed 3.36std | step 43000 | loss 3.8565 | avg 0.1214 | lr 0.000832 | 0.281s/step | ~116721 tok/s
2026-02-09 03:34:56 | elapsed 3.44std | step 44000 | loss 3.7736 | avg 0.1211 | lr 0.000852 | 0.281s/step | ~116695 tok/s
2026-02-09 03:39:37 | elapsed 3.52std | step 45000 | loss 3.9184 | avg 0.1208 | lr 0.000871 | 0.281s/step | ~116722 tok/s
2026-02-09 03:44:18 | elapsed 3.60std | step 46000 | loss 3.7907 | avg 0.1203 | lr 0.000891 | 0.282s/step | ~116316 tok/s
2026-02-09 03:48:59 | elapsed 3.67std | step 47000 | loss 3.8202 | avg 0.1200 | lr 0.000910 | 0.281s/step | ~116738 tok/s
2026-02-09 03:53:40 | elapsed 3.75std | step 48000 | loss 4.0291 | avg 0.1251 | lr 0.000930 | 0.281s/step | ~116745 tok/s
2026-02-09 03:58:20 | elapsed 3.83std | step 49000 | loss 3.9382 | avg 0.1227 | lr 0.000949 | 0.281s/step | ~116691 tok/s
2026-02-09 04:03:02 | elapsed 3.91std | step 50000 | loss 3.9048 | avg 0.1207 | lr 0.000968 | 0.282s/step | ~116303 tok/s
2026-02-09 04:07:43 | elapsed 3.99std | step 51000 | loss 3.8738 | avg 0.1222 | lr 0.000988 | 0.281s/step | ~116705 tok/s
2026-02-09 04:12:24 | elapsed 4.06std | step 52000 | loss 3.8176 | avg 0.1218 | lr 0.000993 | 0.281s/step | ~116714 tok/s
2026-02-09 04:17:05 | elapsed 4.14std | step 53000 | loss 3.8705 | avg 0.1216 | lr 0.000973 | 0.282s/step | ~116315 tok/s
2026-02-09 04:21:46 | elapsed 4.22std | step 54000 | loss 3.8814 | avg 0.1214 | lr 0.000954 | 0.281s/step | ~116680 tok/s
2026-02-09 04:26:27 | elapsed 4.30std | step 55000 | loss 3.8011 | avg 0.1206 | lr 0.000935 | 0.281s/step | ~116725 tok/s
2026-02-09 04:31:08 | elapsed 4.38std | step 56000 | loss 3.8105 | avg 0.1199 | lr 0.000915 | 0.281s/step | ~116715 tok/s
2026-02-09 04:35:50 | elapsed 4.45std | step 57000 | loss 3.8327 | avg 0.1196 | lr 0.000896 | 0.283s/step | ~115953 tok/s
2026-02-09 04:40:31 | elapsed 4.53std | step 58000 | loss 3.8802 | avg 0.1195 | lr 0.000876 | 0.281s/step | ~116686 tok/s
2026-02-09 04:45:12 | elapsed 4.61std | step 59000 | loss 3.8356 | avg 0.1192 | lr 0.000857 | 0.281s/step | ~116686 tok/s
2026-02-09 04:49:53 | elapsed 4.69std | step 60000 | loss 3.7477 | avg 0.1189 | lr 0.000837 | 0.281s/step | ~116661 tok/s
2026-02-09 04:54:35 | elapsed 4.77std | step 61000 | loss 3.7536 | avg 0.1184 | lr 0.000818 | 0.282s/step | ~116175 tok/s
2026-02-09 04:59:16 | elapsed 4.85std | step 62000 | loss 3.7903 | avg 0.1181 | lr 0.000799 | 0.281s/step | ~116778 tok/s
2026-02-09 05:03:56 | elapsed 4.92std | step 63000 | loss 3.8255 | avg 0.1179 | lr 0.000779 | 0.281s/step | ~116739 tok/s
2026-02-09 05:08:37 | elapsed 5.00std | step 64000 | loss 3.6987 | avg 0.1177 | lr 0.000759 | 0.281s/step | ~116657 tok/s
2026-02-09 05:13:19 | elapsed 5.08std | step 65000 | loss 3.7166 | avg 0.1172 | lr 0.000740 | 0.282s/step | ~116170 tok/s
2026-02-09 05:18:00 | elapsed 5.16std | step 66000 | loss 3.7464 | avg 0.1168 | lr 0.000721 | 0.281s/step | ~116580 tok/s
2026-02-09 05:22:41 | elapsed 5.24std | step 67000 | loss 3.8711 | avg 0.1170 | lr 0.000701 | 0.281s/step | ~116599 tok/s
2026-02-09 05:27:24 | elapsed 5.31std | step 68000 | loss 3.7427 | avg 0.1169 | lr 0.000682 | 0.282s/step | ~116111 tok/s
2026-02-09 05:32:04 | elapsed 5.39std | step 69000 | loss 3.5787 | avg 0.1166 | lr 0.000662 | 0.281s/step | ~116685 tok/s
2026-02-09 05:36:45 | elapsed 5.47std | step 70000 | loss 3.5698 | avg 0.1163 | lr 0.000643 | 0.281s/step | ~116720 tok/s
2026-02-09 05:41:26 | elapsed 5.55std | step 71000 | loss 3.6890 | avg 0.1163 | lr 0.000624 | 0.281s/step | ~116724 tok/s
2026-02-09 05:46:08 | elapsed 5.63std | step 72000 | loss 3.7681 | avg 0.1160 | lr 0.000604 | 0.282s/step | ~116274 tok/s
2026-02-09 05:50:49 | elapsed 5.70std | step 73000 | loss 3.6226 | avg 0.1158 | lr 0.000585 | 0.281s/step | ~116656 tok/s
2026-02-09 05:55:29 | elapsed 5.78std | step 74000 | loss 3.6013 | avg 0.1156 | lr 0.000565 | 0.281s/step | ~116631 tok/s
2026-02-09 06:00:10 | elapsed 5.86std | step 75000 | loss 3.6248 | avg 0.1154 | lr 0.000546 | 0.281s/step | ~116649 tok/s
2026-02-09 06:04:52 | elapsed 5.94std | step 76000 | loss 3.7923 | avg 0.1155 | lr 0.000526 | 0.282s/step | ~116252 tok/s
2026-02-09 06:09:33 | elapsed 6.02std | step 77000 | loss 3.6752 | avg 0.1156 | lr 0.000507 | 0.281s/step | ~116681 tok/s
2026-02-09 06:14:14 | elapsed 6.09std | step 78000 | loss 3.5949 | avg 0.1153 | lr 0.000488 | 0.281s/step | ~116669 tok/s
2026-02-09 06:18:55 | elapsed 6.17std | step 79000 | loss 3.7818 | avg 0.1164 | lr 0.000468 | 0.281s/step | ~116674 tok/s
2026-02-09 06:23:37 | elapsed 6.25std | step 80000 | loss 3.7060 | avg 0.1168 | lr 0.000448 | 0.282s/step | ~116256 tok/s
2026-02-09 06:28:18 | elapsed 6.33std | step 81000 | loss 3.9099 | avg 0.1166 | lr 0.000429 | 0.281s/step | ~116670 tok/s
2026-02-09 06:32:58 | elapsed 6.41std | step 82000 | loss 3.7332 | avg 0.1164 | lr 0.000410 | 0.281s/step | ~116648 tok/s
2026-02-09 06:37:39 | elapsed 6.48std | step 83000 | loss 3.6392 | avg 0.1161 | lr 0.000391 | 0.281s/step | ~116707 tok/s
2026-02-09 06:42:21 | elapsed 6.56std | step 84000 | loss 3.7379 | avg 0.1161 | lr 0.000371 | 0.282s/step | ~116229 tok/s
2026-02-09 06:47:02 | elapsed 6.64std | step 85000 | loss 3.7502 | avg 0.1161 | lr 0.000351 | 0.281s/step | ~116666 tok/s
2026-02-09 06:51:43 | elapsed 6.72std | step 86000 | loss 3.5743 | avg 0.1158 | lr 0.000332 | 0.281s/step | ~116655 tok/s
2026-02-09 06:56:25 | elapsed 6.80std | step 87000 | loss 3.6642 | avg 0.1155 | lr 0.000313 | 0.282s/step | ~116233 tok/s
2026-02-09 07:01:06 | elapsed 6.88std | step 88000 | loss 3.7147 | avg 0.1154 | lr 0.000293 | 0.281s/step | ~116562 tok/s
2026-02-09 07:05:47 | elapsed 6.95std | step 89000 | loss 3.7755 | avg 0.1154 | lr 0.000274 | 0.281s/step | ~116558 tok/s
2026-02-09 07:10:28 | elapsed 7.03std | step 90000 | loss 3.7603 | avg 0.1153 | lr 0.000254 | 0.281s/step | ~116571 tok/s
2026-02-09 07:15:10 | elapsed 7.11std | step 91000 | loss 3.5739 | avg 0.1152 | lr 0.000235 | 0.282s/step | ~116222 tok/s
2026-02-09 07:19:51 | elapsed 7.19std | step 92000 | loss 3.7220 | avg 0.1151 | lr 0.000215 | 0.281s/step | ~116661 tok/s
2026-02-09 07:24:32 | elapsed 7.27std | step 93000 | loss 3.7640 | avg 0.1149 | lr 0.000196 | 0.281s/step | ~116681 tok/s
2026-02-09 07:29:13 | elapsed 7.34std | step 94000 | loss 3.6499 | avg 0.1147 | lr 0.000177 | 0.281s/step | ~116596 tok/s
2026-02-09 07:33:55 | elapsed 7.42std | step 95000 | loss 3.5441 | avg 0.1144 | lr 0.000157 | 0.282s/step | ~116224 tok/s
2026-02-09 07:38:36 | elapsed 7.50std | step 96000 | loss 3.6512 | avg 0.1144 | lr 0.000137 | 0.281s/step | ~116725 tok/s
2026-02-09 07:43:16 | elapsed 7.58std | step 97000 | loss 3.6655 | avg 0.1144 | lr 0.000118 | 0.281s/step | ~116672 tok/s
2026-02-09 07:47:57 | elapsed 7.66std | step 98000 | loss 3.7045 | avg 0.1143 | lr 0.000099 | 0.281s/step | ~116606 tok/s
2026-02-09 07:52:39 | elapsed 7.74std | step 99000 | loss 3.6388 | avg 0.1140 | lr 0.000080 | 0.282s/step | ~116208 tok/s
2026-02-09 07:57:20 | elapsed 7.81std | step 100000 | loss 3.7370 | avg 0.1137 | lr 0.000060 | 0.281s/step | ~116680 tok/s
2026-02-09 08:02:01 | elapsed 7.89std | step 101000 | loss 3.5921 | avg 0.1136 | lr 0.000040 | 0.281s/step | ~116602 tok/s
2026-02-09 08:06:43 | elapsed 7.97std | step 102000 | loss 3.7183 | avg 0.1137 | lr 0.000021 | 0.282s/step | ~116143 tok/s
Budget reached -> save & stop
Job complete and cleaned up.
